Copyright 1986-2015 Xilinx, Inc. All Rights Reserved.
----------------------------------------------------------------------------------------------------------------
| Tool Version : Vivado v.2015.4 (win64) Build 1412921 Wed Nov 18 09:43:45 MST 2015
| Date         : Sun May 06 22:10:59 2018
| Host         : kevin-portable running 64-bit major release  (build 9200)
| Command      : report_timing -file out/post_route_timing.rpt -sort_by group -max_paths 100 -path_type summary
| Design       : red_pitaya_top
| Device       : 7z010-clg400
| Speed File   : -1  PRODUCTION 1.11 2014-09-11
----------------------------------------------------------------------------------------------------------------

Timing Report

Startpoint                     Endpoint                       Slack(ns)     
----------------------------------------------------------------------------
i_dsp/genblk5[7].iq_2_outputs/iqfilter[1]/genblk2[0].lpf/delta_reg[2]/C
                               i_dsp/genblk5[7].iq_2_outputs/modulator/secondproduct1/D[6]
                                                              -4.119        
i_dsp/genblk5[7].iq_2_outputs/iqfilter[1]/genblk2[0].lpf/delta_reg[2]/C
                               i_dsp/genblk5[7].iq_2_outputs/modulator/secondproduct1/D[5]
                                                              -4.117        
i_dsp/genblk5[7].iq_2_outputs/iqfilter[1]/genblk2[0].lpf/delta_reg[2]/C
                               i_dsp/genblk5[7].iq_2_outputs/modulator/secondproduct1/D[4]
                                                              -4.116        
i_dsp/genblk5[7].iq_2_outputs/iqfilter[1]/genblk2[0].lpf/delta_reg[2]/C
                               i_dsp/genblk5[7].iq_2_outputs/modulator/secondproduct1/D[1]
                                                              -4.094        
i_dsp/genblk5[7].iq_2_outputs/iqfilter[1]/genblk2[0].lpf/delta_reg[2]/C
                               i_dsp/genblk5[7].iq_2_outputs/modulator/secondproduct1/D[9]
                                                              -4.065        
i_dsp/genblk5[7].iq_2_outputs/iqfilter[1]/genblk2[0].lpf/delta_reg[2]/C
                               i_dsp/genblk5[7].iq_2_outputs/modulator/secondproduct1/D[0]
                                                              -4.063        
i_dsp/genblk5[7].iq_2_outputs/iqfilter[1]/genblk2[0].lpf/delta_reg[2]/C
                               i_dsp/genblk5[7].iq_2_outputs/modulator/secondproduct1/D[2]
                                                              -4.041        
i_dsp/genblk5[7].iq_2_outputs/iqfilter[1]/genblk2[0].lpf/delta_reg[2]/C
                               i_dsp/genblk5[7].iq_2_outputs/modulator/secondproduct1/D[3]
                                                              -3.998        
i_dsp/genblk5[7].iq_2_outputs/iqfilter[1]/genblk2[0].lpf/delta_reg[2]/C
                               i_dsp/genblk5[7].iq_2_outputs/modulator/secondproduct1/D[11]
                                                              -3.987        
i_dsp/genblk5[7].iq_2_outputs/iqfilter[1]/genblk2[0].lpf/delta_reg[2]/C
                               i_dsp/genblk5[7].iq_2_outputs/modulator/secondproduct1/D[7]
                                                              -3.987        
i_dsp/genblk5[7].iq_2_outputs/iqfilter[1]/genblk2[0].lpf/delta_reg[2]/C
                               i_dsp/genblk5[7].iq_2_outputs/modulator/secondproduct1/D[10]
                                                              -3.981        
i_dsp/genblk5[7].iq_2_outputs/iqfilter[1]/genblk2[0].lpf/delta_reg[2]/C
                               i_dsp/genblk5[7].iq_2_outputs/modulator/secondproduct1/D[12]
                                                              -3.976        
i_dsp/genblk5[7].iq_2_outputs/iqfilter[1]/genblk2[0].lpf/delta_reg[2]/C
                               i_dsp/genblk5[7].iq_2_outputs/modulator/secondproduct1/D[8]
                                                              -3.904        
i_dsp/genblk5[7].iq_2_outputs/iqfilter[0]/genblk2[0].lpf/y_reg[41]/C
                               i_dsp/genblk5[7].iq_2_outputs/modulator/q2_product_reg_reg[1]/D
                                                              -3.824        
i_dsp/genblk5[7].iq_2_outputs/iqfilter[0]/genblk2[0].lpf/y_reg[41]/C
                               i_dsp/genblk5[7].iq_2_outputs/modulator/q2_product_reg_reg[2]/D
                                                              -3.820        
i_dsp/genblk5[7].iq_2_outputs/iqfilter[0]/genblk2[0].lpf/y_reg[41]/C
                               i_dsp/genblk5[7].iq_2_outputs/modulator/q2_product_reg_reg[9]/D
                                                              -3.759        
i_dsp/genblk5[7].iq_2_outputs/iqfilter[0]/genblk2[0].lpf/y_reg[41]/C
                               i_dsp/genblk5[7].iq_2_outputs/modulator/q2_product_reg_reg[6]/D
                                                              -3.742        
i_dsp/genblk5[7].iq_2_outputs/iqfilter[0]/genblk2[0].lpf/y_reg[41]/C
                               i_dsp/genblk5[7].iq_2_outputs/modulator/q2_product_reg_reg[3]/D
                                                              -3.723        
i_dsp/genblk5[7].iq_2_outputs/iqfilter[0]/genblk2[0].lpf/y_reg[41]/C
                               i_dsp/genblk5[7].iq_2_outputs/modulator/q2_product_reg_reg[4]/D
                                                              -3.721        
i_dsp/genblk5[7].iq_2_outputs/iqfilter[0]/genblk2[0].lpf/y_reg[41]/C
                               i_dsp/genblk5[7].iq_2_outputs/modulator/q2_product_reg_reg[8]/D
                                                              -3.713        
i_dsp/genblk5[7].iq_2_outputs/iqfilter[0]/genblk2[0].lpf/y_reg[41]/C
                               i_dsp/genblk5[7].iq_2_outputs/modulator/q2_product_reg_reg[0]/D
                                                              -3.644        
i_dsp/genblk5[7].iq_2_outputs/iqfilter[0]/genblk2[0].lpf/y_reg[41]/C
                               i_dsp/genblk5[7].iq_2_outputs/modulator/q2_product_reg_reg[5]/D
                                                              -3.638        
i_dsp/genblk5[7].iq_2_outputs/iqfilter[1]/genblk2[0].lpf/delta_reg[13]/C
                               i_dsp/genblk5[7].iq_2_outputs/modulator/q1_product_reg_reg[7]/D
                                                              -3.629        
i_dsp/genblk5[7].iq_2_outputs/iqfilter[0]/genblk2[0].lpf/y_reg[41]/C
                               i_dsp/genblk5[7].iq_2_outputs/modulator/q2_product_reg_reg[11]/D
                                                              -3.609        
i_dsp/genblk5[7].iq_2_outputs/iqfilter[0]/genblk2[0].lpf/y_reg[41]/C
                               i_dsp/genblk5[7].iq_2_outputs/modulator/q2_product_reg_reg[12]/D
                                                              -3.602        
i_dsp/genblk4[6].iq/iqfilter[1]/genblk2[0].lpf/y_reg[35]/C
                               i_dsp/genblk4[6].iq/modulator/secondproduct1/D[7]
                                                              -3.575        
i_dsp/genblk5[7].iq_2_outputs/iqfilter[0]/genblk2[0].lpf/y_reg[41]/C
                               i_dsp/genblk5[7].iq_2_outputs/modulator/q2_product_reg_reg[7]/D
                                                              -3.574        
i_dsp/genblk5[7].iq_2_outputs/iqfilter[0]/genblk2[0].lpf/y_reg[41]/C
                               i_dsp/genblk5[7].iq_2_outputs/modulator/q2_product_reg_reg[10]/D
                                                              -3.567        
i_dsp/genblk4[6].iq/iqfilter[1]/genblk2[0].lpf/y_reg[35]/C
                               i_dsp/genblk4[6].iq/modulator/secondproduct1/D[9]
                                                              -3.565        
i_dsp/genblk4[6].iq/iqfilter[1]/genblk2[0].lpf/y_reg[35]/C
                               i_dsp/genblk4[6].iq/modulator/secondproduct1/D[3]
                                                              -3.554        
i_dsp/genblk4[6].iq/iqfilter[1]/genblk2[0].lpf/y_reg[35]/C
                               i_dsp/genblk4[6].iq/modulator/secondproduct1/D[6]
                                                              -3.522        
i_dsp/genblk5[7].iq_2_outputs/iqfilter[1]/genblk2[0].lpf/delta_reg[13]/C
                               i_dsp/genblk5[7].iq_2_outputs/modulator/q1_product_reg_reg[3]/D
                                                              -3.514        
i_dsp/genblk4[6].iq/iqfilter[1]/genblk2[0].lpf/y_reg[35]/C
                               i_dsp/genblk4[6].iq/modulator/secondproduct1/D[10]
                                                              -3.490        
i_dsp/genblk5[7].iq_2_outputs/iqfilter[1]/genblk2[0].lpf/delta_reg[13]/C
                               i_dsp/genblk5[7].iq_2_outputs/modulator/q1_product_reg_reg[10]/D
                                                              -3.490        
i_dsp/genblk4[6].iq/iqfilter[1]/genblk2[0].lpf/y_reg[35]/C
                               i_dsp/genblk4[6].iq/modulator/secondproduct1/D[12]
                                                              -3.484        
i_dsp/genblk5[7].iq_2_outputs/iqfilter[1]/genblk2[0].lpf/delta_reg[13]/C
                               i_dsp/genblk5[7].iq_2_outputs/modulator/q1_product_reg_reg[9]/D
                                                              -3.477        
i_dsp/genblk5[7].iq_2_outputs/iqfilter[1]/genblk2[0].lpf/delta_reg[13]/C
                               i_dsp/genblk5[7].iq_2_outputs/modulator/q1_product_reg_reg[12]/D
                                                              -3.475        
i_dsp/genblk5[7].iq_2_outputs/iqfilter[1]/genblk2[0].lpf/delta_reg[13]/C
                               i_dsp/genblk5[7].iq_2_outputs/modulator/q1_product_reg_reg[4]/D
                                                              -3.473        
i_dsp/genblk5[7].iq_2_outputs/iqfilter[1]/genblk2[0].lpf/delta_reg[13]/C
                               i_dsp/genblk5[7].iq_2_outputs/modulator/q1_product_reg_reg[11]/D
                                                              -3.468        
i_ps/axi_slave_gp0/wr_wdata_reg[1]/C
                               i_asg/ch[0]/dac_buf_reg_0/DIADI[1]
                                                              -3.460        
i_dsp/genblk5[7].iq_2_outputs/iqfilter[1]/genblk2[0].lpf/delta_reg[13]/C
                               i_dsp/genblk5[7].iq_2_outputs/modulator/q1_product_reg_reg[0]/D
                                                              -3.440        
i_dsp/genblk5[7].iq_2_outputs/iqfilter[0]/genblk2[0].lpf/y_reg[35]/C
                               i_dsp/genblk5[7].iq_2_outputs/modulator/firstproduct_saturation[1]/psdsp_8/D
                                                              -3.430        
i_dsp/genblk4[6].iq/iqfilter[1]/genblk2[0].lpf/y_reg[35]/C
                               i_dsp/genblk4[6].iq/modulator/secondproduct1/D[4]
                                                              -3.399        
i_dsp/genblk4[6].iq/iqfilter[1]/genblk2[0].lpf/y_reg[35]/C
                               i_dsp/genblk4[6].iq/modulator/secondproduct1/D[2]
                                                              -3.372        
i_dsp/genblk4[6].iq/iqfilter[1]/genblk2[0].lpf/y_reg[35]/C
                               i_dsp/genblk4[6].iq/modulator/secondproduct1/D[11]
                                                              -3.359        
i_dsp/genblk4[6].iq/iqfilter[1]/genblk2[0].lpf/y_reg[35]/C
                               i_dsp/genblk4[6].iq/modulator/secondproduct1/D[5]
                                                              -3.351        
i_dsp/genblk4[6].iq/iqfilter[1]/genblk2[0].lpf/y_reg[35]/C
                               i_dsp/genblk4[6].iq/modulator/secondproduct1/D[8]
                                                              -3.346        
i_dsp/genblk4[6].iq/iqfilter[1]/genblk2[0].lpf/y_reg[35]/C
                               i_dsp/genblk4[6].iq/modulator/secondproduct1/D[1]
                                                              -3.346        
i_dsp/genblk5[7].iq_2_outputs/iqfilter[1]/genblk2[0].lpf/delta_reg[13]/C
                               i_dsp/genblk5[7].iq_2_outputs/modulator/q1_product_reg_reg[6]/D
                                                              -3.338        
i_dsp/genblk5[7].iq_2_outputs/iqfilter[1]/genblk2[0].lpf/delta_reg[13]/C
                               i_dsp/genblk5[7].iq_2_outputs/modulator/q1_product_reg_reg[1]/D
                                                              -3.335        
i_dsp/genblk5[7].iq_2_outputs/iqfilter[1]/genblk2[0].lpf/delta_reg[13]/C
                               i_dsp/genblk5[7].iq_2_outputs/modulator/q1_product_reg_reg[5]/D
                                                              -3.334        
i_dsp/genblk5[7].iq_2_outputs/iqfilter[1]/genblk2[0].lpf/delta_reg[13]/C
                               i_dsp/genblk5[7].iq_2_outputs/modulator/q1_product_reg_reg[8]/D
                                                              -3.330        
i_dsp/genblk5[7].iq_2_outputs/iqfilter[1]/genblk2[0].lpf/delta_reg[13]/C
                               i_dsp/genblk5[7].iq_2_outputs/modulator/q1_product_reg_reg[2]/D
                                                              -3.328        
i_dsp/genblk5[7].iq_2_outputs/iqfilter[0]/genblk2[0].lpf/y_reg[35]/C
                               i_dsp/genblk5[7].iq_2_outputs/modulator/firstproduct_saturation[1]/psdsp_10/D
                                                              -3.302        
i_dsp/genblk5[7].iq_2_outputs/iqfilter[0]/genblk2[0].lpf/y_reg[35]/C
                               i_dsp/genblk5[7].iq_2_outputs/modulator/firstproduct_saturation[1]/psdsp_1/D
                                                              -3.285        
i_dsp/genblk5[7].iq_2_outputs/iqfilter[0]/genblk2[0].lpf/y_reg[35]/C
                               i_dsp/genblk5[7].iq_2_outputs/modulator/firstproduct_saturation[1]/psdsp_5/D
                                                              -3.261        
i_dsp/genblk4[6].iq/iqfilter[1]/genblk2[0].lpf/y_reg[35]/C
                               i_dsp/genblk4[6].iq/modulator/secondproduct1/D[0]
                                                              -3.193        
i_dsp/genblk5[7].iq_2_outputs/iqfilter[0]/genblk2[0].lpf/y_reg[35]/C
                               i_dsp/genblk5[7].iq_2_outputs/modulator/firstproduct_saturation[1]/psdsp_4/D
                                                              -3.065        
i_dsp/genblk5[7].iq_2_outputs/iqfilter[0]/genblk2[0].lpf/y_reg[35]/C
                               i_dsp/genblk5[7].iq_2_outputs/modulator/firstproduct_saturation[1]/psdsp_11/D
                                                              -3.037        
i_dsp/genblk5[7].iq_2_outputs/iqfilter[0]/genblk2[0].lpf/y_reg[35]/C
                               i_dsp/genblk5[7].iq_2_outputs/modulator/firstproduct_saturation[1]/psdsp/D
                                                              -3.004        
i_dsp/genblk4[6].iq/demodulator/product2_reg/CLK
                               i_dsp/genblk4[6].iq/modulator/secondproduct2/B[7]
                                                              -2.994        
i_dsp/genblk5[7].iq_2_outputs/iqfilter[0]/genblk2[0].lpf/y_reg[35]/C
                               i_dsp/genblk5[7].iq_2_outputs/modulator/firstproduct_saturation[1]/psdsp_2/D
                                                              -2.906        
i_dsp/genblk5[7].iq_2_outputs/iqfilter[0]/genblk2[0].lpf/y_reg[35]/C
                               i_dsp/genblk5[7].iq_2_outputs/modulator/firstproduct_saturation[1]/psdsp_9/D
                                                              -2.889        
i_dsp/genblk5[7].iq_2_outputs/iqfilter[0]/genblk2[0].lpf/y_reg[35]/C
                               i_dsp/genblk5[7].iq_2_outputs/modulator/firstproduct_saturation[1]/psdsp_3/D
                                                              -2.843        
i_dsp/genblk4[6].iq/demodulator/product2_reg/CLK
                               i_dsp/genblk4[6].iq/modulator/secondproduct2/B[1]
                                                              -2.841        
i_dsp/genblk5[7].iq_2_outputs/iqfilter[0]/genblk2[0].lpf/y_reg[35]/C
                               i_dsp/genblk5[7].iq_2_outputs/modulator/firstproduct_saturation[1]/psdsp_12/D
                                                              -2.841        
i_dsp/genblk5[7].iq_2_outputs/iqfilter[0]/genblk2[0].lpf/y_reg[35]/C
                               i_dsp/genblk5[7].iq_2_outputs/modulator/firstproduct_saturation[1]/psdsp_6/D
                                                              -2.826        
i_dsp/genblk5[7].iq_2_outputs/iqfilter[0]/genblk2[0].lpf/y_reg[35]/C
                               i_dsp/genblk5[7].iq_2_outputs/modulator/firstproduct_saturation[1]/psdsp_7/D
                                                              -2.801        
i_dsp/genblk4[6].iq/demodulator/product2_reg/CLK
                               i_dsp/genblk4[6].iq/modulator/secondproduct2/B[11]
                                                              -2.780        
i_ps/axi_slave_gp0/wr_wdata_reg[1]/C
                               i_hk/exp_n_dat_o_reg[1]/D      -2.773        
i_dsp/genblk4[6].iq/demodulator/product2_reg/CLK
                               i_dsp/genblk4[6].iq/modulator/secondproduct2/B[12]
                                                              -2.721        
i_ps/axi_slave_gp0/wr_wdata_reg[1]/C
                               i_asg/set_a_amp_reg[1]/D       -2.720        
i_dsp/genblk4[6].iq/demodulator/product2_reg/CLK
                               i_dsp/genblk4[6].iq/modulator/secondproduct2/B[8]
                                                              -2.707        
i_dsp/genblk4[6].iq/demodulator/product2_reg/CLK
                               i_dsp/genblk4[6].iq/modulator/secondproduct2/B[5]
                                                              -2.704        
i_dsp/genblk4[6].iq/demodulator/product2_reg/CLK
                               i_dsp/genblk4[6].iq/modulator/secondproduct2/B[9]
                                                              -2.663        
i_dsp/genblk4[6].iq/demodulator/product2_reg/CLK
                               i_dsp/genblk4[6].iq/modulator/secondproduct2/B[6]
                                                              -2.653        
i_ps/axi_slave_gp0/wr_wdata_reg[1]/C
                               i_asg/at_counts_a_reg[1]/D     -2.653        
i_dsp/genblk4[6].iq/demodulator/product2_reg/CLK
                               i_dsp/genblk4[6].iq/modulator/secondproduct2/B[10]
                                                              -2.651        
i_ps/axi_slave_gp0/wr_wdata_reg[17]/C
                               i_ams/dac_c_o_reg[17]/D        -2.638        
i_ps/axi_slave_gp0/wr_wdata_reg[1]/C
                               i_hk/exp_n_dir_o_reg[1]/D      -2.598        
i_ps/axi_slave_gp0/wr_wdata_reg[1]/C
                               i_dsp/genblk3[3].i_haze/set_kp_reg[1]/D
                                                              -2.589        
i_ps/axi_slave_gp0/wr_wdata_reg[1]/C
                               i_asg/trig_a_src_reg[1]/D      -2.531        
i_dsp/genblk4[6].iq/iqfilter[1]/genblk2[0].lpf/y_reg[36]/C
                               i_dsp/genblk4[6].iq/modulator/q1_product_reg_reg[10]/D
                                                              -2.522        
i_ps/axi_slave_gp0/wr_wdata_reg[1]/C
                               i_asg/at_counts_a_reg[33]/D    -2.520        
i_dsp/genblk4[6].iq/iqfilter[1]/genblk2[0].lpf/y_reg[36]/C
                               i_dsp/genblk4[6].iq/modulator/q1_product_reg_reg[2]/D
                                                              -2.517        
i_dsp/genblk4[6].iq/iqfilter[1]/genblk2[0].lpf/y_reg[36]/C
                               i_dsp/genblk4[6].iq/modulator/q1_product_reg_reg[3]/D
                                                              -2.516        
i_dsp/genblk4[6].iq/iqfilter[1]/genblk2[0].lpf/y_reg[36]/C
                               i_dsp/genblk4[6].iq/modulator/q1_product_reg_reg[11]/D
                                                              -2.514        
i_dsp/genblk4[6].iq/demodulator/product2_reg/CLK
                               i_dsp/genblk4[6].iq/modulator/secondproduct2/B[4]
                                                              -2.510        
i_dsp/genblk4[6].iq/iqfilter[1]/genblk2[0].lpf/y_reg[36]/C
                               i_dsp/genblk4[6].iq/modulator/q1_product_reg_reg[7]/D
                                                              -2.503        
i_dsp/genblk4[6].iq/iqfilter[1]/genblk2[0].lpf/y_reg[36]/C
                               i_dsp/genblk4[6].iq/modulator/q1_product_reg_reg[12]/D
                                                              -2.501        
i_dsp/genblk4[6].iq/iqfilter[1]/genblk2[0].lpf/y_reg[36]/C
                               i_dsp/genblk4[6].iq/modulator/q1_product_reg_reg[0]/D
                                                              -2.496        
i_dsp/genblk4[6].iq/demodulator/product2_reg/CLK
                               i_dsp/genblk4[6].iq/modulator/secondproduct2/B[2]
                                                              -2.490        
i_dsp/genblk4[6].iq/iqfilter[1]/genblk2[0].lpf/y_reg[36]/C
                               i_dsp/genblk4[6].iq/modulator/q1_product_reg_reg[1]/D
                                                              -2.488        
i_dsp/genblk4[6].iq/iqfilter[1]/genblk2[0].lpf/y_reg[36]/C
                               i_dsp/genblk4[6].iq/modulator/q1_product_reg_reg[8]/D
                                                              -2.485        
i_dsp/genblk4[6].iq/iqfilter[1]/genblk2[0].lpf/y_reg[36]/C
                               i_dsp/genblk4[6].iq/modulator/q1_product_reg_reg[6]/D
                                                              -2.483        
i_dsp/genblk5[7].iq_2_outputs/iqfilter[1]/genblk2[0].lpf/delta_reg[2]/C
                               i_dsp/genblk5[7].iq_2_outputs/modulator/secondproduct1/D[20]
                                                              -2.458        
i_dsp/genblk5[7].iq_2_outputs/iqfilter[1]/genblk2[0].lpf/delta_reg[2]/C
                               i_dsp/genblk5[7].iq_2_outputs/modulator/secondproduct1/D[24]
                                                              -2.414        
i_dsp/genblk4[6].iq/demodulator/product2_reg/CLK
                               i_dsp/genblk4[6].iq/modulator/secondproduct2/B[0]
                                                              -2.400        
i_dsp/genblk4[6].iq/demodulator/product2_reg/CLK
                               i_dsp/genblk4[6].iq/modulator/secondproduct2/B[3]
                                                              -2.361        
i_ps/axi_slave_gp0/wr_wdata_reg[1]/C
                               i_hk/led_o_reg[1]/D            -2.360        
i_ps/system_i/system_i/xadc/inst/INTR_CTRLR_GEN_I.ip2bus_wrack_reg/C
                               i_ps/system_i/system_i/axi_protocol_converter_0/inst/gen_axilite.gen_b2s_conv.axilite_b2s/WR.aw_channel_0/cmd_translator_0/incr_cmd_0/axaddr_incr_reg[11]/D
                                                              -1.659        
i_ps/system_i/system_i/xadc/inst/AXI_LITE_IPIF_I/I_SLAVE_ATTACHMENT/INCLUDE_DPHASE_TIMER.dpto_cnt_reg[6]/C
                               i_ps/system_i/system_i/axi_protocol_converter_0/inst/gen_axilite.gen_b2s_conv.axilite_b2s/RD.ar_channel_0/cmd_translator_0/incr_cmd_0/axaddr_incr_reg[11]/D
                                                              -1.265        
i_ps/system_i/system_i/axi_protocol_converter_0/inst/gen_axilite.gen_b2s_conv.axilite_b2s/RD.ar_channel_0/ar_cmd_fsm_0/state_reg[0]/C
                               i_ps/system_i/system_i/axi_protocol_converter_0/inst/gen_axilite.gen_b2s_conv.axilite_b2s/RD.ar_channel_0/cmd_translator_0/wrap_cmd_0/wrap_second_len_r_reg[0]/D
                                                              -0.991        
i_ps/system_i/system_i/xadc/inst/INTR_CTRLR_GEN_I.ip2bus_wrack_reg/C
                               i_ps/system_i/system_i/axi_protocol_converter_0/inst/gen_axilite.gen_b2s_conv.axilite_b2s/WR.aw_channel_0/cmd_translator_0/incr_cmd_0/axaddr_incr_reg[9]/D
                                                              -0.913        
i_ps/system_i/system_i/axi_protocol_converter_0/inst/gen_axilite.gen_b2s_conv.axilite_b2s/SI_REG/aw_pipe/m_payload_i_reg[6]/C
                               i_ps/system_i/system_i/xadc/inst/AXI_XADC_CORE_I/XADC_INST/DADDR[4]
                                                              -0.860        
i_ps/system_i/system_i/axi_protocol_converter_0/inst/gen_axilite.gen_b2s_conv.axilite_b2s/SI_REG/aw_pipe/m_payload_i_reg[7]/C
                               i_ps/system_i/system_i/xadc/inst/AXI_XADC_CORE_I/XADC_INST/DADDR[5]
                                                              -0.848        
i_ps/system_i/system_i/xadc/inst/INTR_CTRLR_GEN_I.ip2bus_wrack_reg/C
                               i_ps/system_i/system_i/axi_protocol_converter_0/inst/gen_axilite.gen_b2s_conv.axilite_b2s/WR.aw_channel_0/cmd_translator_0/incr_cmd_0/axaddr_incr_reg[10]/D
                                                              -0.818        
i_ps/system_i/system_i/xadc/inst/INTR_CTRLR_GEN_I.ip2bus_wrack_reg/C
                               i_ps/system_i/system_i/axi_protocol_converter_0/inst/gen_axilite.gen_b2s_conv.axilite_b2s/WR.aw_channel_0/cmd_translator_0/incr_cmd_0/axaddr_incr_reg[8]/D
                                                              -0.802        
i_ps/system_i/system_i/axi_protocol_converter_0/inst/gen_axilite.gen_b2s_conv.axilite_b2s/SI_REG/aw_pipe/m_payload_i_reg[3]/C
                               i_ps/system_i/system_i/xadc/inst/AXI_XADC_CORE_I/XADC_INST/DADDR[1]
                                                              -0.781        
i_ps/system_i/system_i/xadc/inst/INTR_CTRLR_GEN_I.ip2bus_wrack_reg/C
                               i_ps/system_i/system_i/axi_protocol_converter_0/inst/gen_axilite.gen_b2s_conv.axilite_b2s/WR.aw_channel_0/cmd_translator_0/incr_cmd_0/axaddr_incr_reg[5]/D
                                                              -0.751        
i_ps/system_i/system_i/xadc/inst/INTR_CTRLR_GEN_I.ip2bus_wrack_reg/C
                               i_ps/system_i/system_i/axi_protocol_converter_0/inst/gen_axilite.gen_b2s_conv.axilite_b2s/WR.aw_channel_0/cmd_translator_0/incr_cmd_0/axaddr_incr_reg[7]/D
                                                              -0.730        
i_ps/system_i/system_i/xadc/inst/AXI_LITE_IPIF_I/I_SLAVE_ATTACHMENT/INCLUDE_DPHASE_TIMER.dpto_cnt_reg[6]/C
                               i_ps/system_i/system_i/axi_protocol_converter_0/inst/gen_axilite.gen_b2s_conv.axilite_b2s/RD.ar_channel_0/cmd_translator_0/incr_cmd_0/axaddr_incr_reg[3]/D
                                                              -0.719        
i_ps/system_i/system_i/axi_protocol_converter_0/inst/gen_axilite.gen_b2s_conv.axilite_b2s/WR.aw_channel_0/aw_cmd_fsm_0/state_reg[1]/C
                               i_ps/system_i/system_i/axi_protocol_converter_0/inst/gen_axilite.gen_b2s_conv.axilite_b2s/WR.aw_channel_0/cmd_translator_0/wrap_cmd_0/wrap_second_len_r_reg[0]/D
                                                              -0.675        
i_ps/system_i/system_i/xadc/inst/AXI_LITE_IPIF_I/I_SLAVE_ATTACHMENT/INCLUDE_DPHASE_TIMER.dpto_cnt_reg[6]/C
                               i_ps/system_i/system_i/axi_protocol_converter_0/inst/gen_axilite.gen_b2s_conv.axilite_b2s/RD.ar_channel_0/cmd_translator_0/incr_cmd_0/axaddr_incr_reg[9]/D
                                                              -0.673        
i_ps/system_i/system_i/processing_system7/inst/PS7_i/MAXIGP1ACLK
                               i_ps/system_i/system_i/xadc/inst/INTR_CTRLR_GEN_I.ip2bus_wrack_reg/D
                                                              -0.670        
i_ps/system_i/system_i/xadc/inst/INTR_CTRLR_GEN_I.ip2bus_wrack_reg/C
                               i_ps/system_i/system_i/axi_protocol_converter_0/inst/gen_axilite.gen_b2s_conv.axilite_b2s/WR.aw_channel_0/cmd_translator_0/incr_cmd_0/axaddr_incr_reg[6]/D
                                                              -0.656        
i_ps/system_i/system_i/xadc/inst/INTR_CTRLR_GEN_I.ip2bus_wrack_reg/C
                               i_ps/system_i/system_i/axi_protocol_converter_0/inst/gen_axilite.gen_b2s_conv.axilite_b2s/WR.aw_channel_0/cmd_translator_0/incr_cmd_0/axaddr_incr_reg[4]/D
                                                              -0.640        
i_ps/system_i/system_i/axi_protocol_converter_0/inst/gen_axilite.gen_b2s_conv.axilite_b2s/RD.ar_channel_0/ar_cmd_fsm_0/state_reg[0]/C
                               i_ps/system_i/system_i/axi_protocol_converter_0/inst/gen_axilite.gen_b2s_conv.axilite_b2s/RD.ar_channel_0/cmd_translator_0/wrap_cmd_0/wrap_cnt_r_reg[2]/D
                                                              -0.596        
i_ps/system_i/system_i/axi_protocol_converter_0/inst/gen_axilite.gen_b2s_conv.axilite_b2s/RD.ar_channel_0/ar_cmd_fsm_0/state_reg[0]/C
                               i_ps/system_i/system_i/axi_protocol_converter_0/inst/gen_axilite.gen_b2s_conv.axilite_b2s/RD.ar_channel_0/cmd_translator_0/wrap_cmd_0/wrap_cnt_r_reg[3]/D
                                                              -0.582        
i_ps/system_i/system_i/xadc/inst/AXI_LITE_IPIF_I/I_SLAVE_ATTACHMENT/INCLUDE_DPHASE_TIMER.dpto_cnt_reg[6]/C
                               i_ps/system_i/system_i/axi_protocol_converter_0/inst/gen_axilite.gen_b2s_conv.axilite_b2s/RD.ar_channel_0/cmd_translator_0/incr_cmd_0/axaddr_incr_reg[10]/D
                                                              -0.578        
i_ps/system_i/system_i/axi_protocol_converter_0/inst/gen_axilite.gen_b2s_conv.axilite_b2s/RD.ar_channel_0/cmd_translator_0/wrap_cmd_0/sel_first_reg/C
                               i_ps/system_i/system_i/xadc/inst/AXI_LITE_IPIF_I/I_SLAVE_ATTACHMENT/I_DECODER/GEN_BKEND_CE_REGISTERS[18].ce_out_i_reg[18]/D
                                                              -0.572        
i_ps/system_i/system_i/xadc/inst/AXI_LITE_IPIF_I/I_SLAVE_ATTACHMENT/INCLUDE_DPHASE_TIMER.dpto_cnt_reg[6]/C
                               i_ps/system_i/system_i/axi_protocol_converter_0/inst/gen_axilite.gen_b2s_conv.axilite_b2s/RD.ar_channel_0/cmd_translator_0/incr_cmd_0/axaddr_incr_reg[8]/D
                                                              -0.562        
i_ps/system_i/system_i/axi_protocol_converter_0/inst/gen_axilite.gen_b2s_conv.axilite_b2s/SI_REG/aw_pipe/m_payload_i_reg[2]/C
                               i_ps/system_i/system_i/xadc/inst/AXI_XADC_CORE_I/XADC_INST/DADDR[0]
                                                              -0.553        
i_ps/system_i/system_i/axi_protocol_converter_0/inst/gen_axilite.gen_b2s_conv.axilite_b2s/RD.ar_channel_0/ar_cmd_fsm_0/state_reg[0]/C
                               i_ps/system_i/system_i/axi_protocol_converter_0/inst/gen_axilite.gen_b2s_conv.axilite_b2s/RD.ar_channel_0/cmd_translator_0/wrap_cmd_0/wrap_cnt_r_reg[0]/D
                                                              -0.535        
i_ps/system_i/system_i/xadc/inst/AXI_LITE_IPIF_I/I_SLAVE_ATTACHMENT/INCLUDE_DPHASE_TIMER.dpto_cnt_reg[6]/C
                               i_ps/system_i/system_i/axi_protocol_converter_0/inst/gen_axilite.gen_b2s_conv.axilite_b2s/RD.ar_channel_0/cmd_translator_0/incr_cmd_0/axaddr_incr_reg[5]/D
                                                              -0.513        
i_ps/system_i/system_i/axi_protocol_converter_0/inst/gen_axilite.gen_b2s_conv.axilite_b2s/SI_REG/aw_pipe/m_payload_i_reg[4]/C
                               i_ps/system_i/system_i/xadc/inst/AXI_XADC_CORE_I/XADC_INST/DADDR[2]
                                                              -0.506        
i_ps/system_i/system_i/axi_protocol_converter_0/inst/gen_axilite.gen_b2s_conv.axilite_b2s/RD.ar_channel_0/cmd_translator_0/wrap_cmd_0/sel_first_reg/C
                               i_ps/system_i/system_i/xadc/inst/AXI_LITE_IPIF_I/I_SLAVE_ATTACHMENT/I_DECODER/GEN_BKEND_CE_REGISTERS[20].ce_out_i_reg[20]/D
                                                              -0.500        
i_ps/system_i/system_i/xadc/inst/AXI_LITE_IPIF_I/I_SLAVE_ATTACHMENT/INCLUDE_DPHASE_TIMER.dpto_cnt_reg[6]/C
                               i_ps/system_i/system_i/axi_protocol_converter_0/inst/gen_axilite.gen_b2s_conv.axilite_b2s/RD.ar_channel_0/cmd_translator_0/incr_cmd_0/axaddr_incr_reg[7]/D
                                                              -0.492        
i_ps/system_i/system_i/axi_protocol_converter_0/inst/gen_axilite.gen_b2s_conv.axilite_b2s/SI_REG/aw_pipe/m_payload_i_reg[5]/C
                               i_ps/system_i/system_i/xadc/inst/AXI_XADC_CORE_I/XADC_INST/DADDR[3]
                                                              -0.468        
i_ps/system_i/system_i/axi_protocol_converter_0/inst/gen_axilite.gen_b2s_conv.axilite_b2s/RD.ar_channel_0/cmd_translator_0/wrap_cmd_0/sel_first_reg/C
                               i_ps/system_i/system_i/xadc/inst/AXI_LITE_IPIF_I/I_SLAVE_ATTACHMENT/I_DECODER/GEN_BKEND_CE_REGISTERS[12].ce_out_i_reg[12]/D
                                                              -0.462        
i_ps/system_i/system_i/axi_protocol_converter_0/inst/gen_axilite.gen_b2s_conv.axilite_b2s/SI_REG/ar_pipe/m_payload_i_reg[9]/C
                               i_ps/system_i/system_i/xadc/inst/AXI_LITE_IPIF_I/I_SLAVE_ATTACHMENT/I_DECODER/GEN_BKEND_CE_REGISTERS[7].ce_out_i_reg[7]/D
                                                              -0.456        
i_ps/system_i/system_i/axi_protocol_converter_0/inst/gen_axilite.gen_b2s_conv.axilite_b2s/SI_REG/ar_pipe/m_payload_i_reg[9]/C
                               i_ps/system_i/system_i/xadc/inst/AXI_LITE_IPIF_I/I_SLAVE_ATTACHMENT/I_DECODER/GEN_BKEND_CE_REGISTERS[0].ce_out_i_reg[0]/D
                                                              -0.444        
i_ps/system_i/system_i/xadc/inst/AXI_LITE_IPIF_I/I_SLAVE_ATTACHMENT/INCLUDE_DPHASE_TIMER.dpto_cnt_reg[6]/C
                               i_ps/system_i/system_i/axi_protocol_converter_0/inst/gen_axilite.gen_b2s_conv.axilite_b2s/RD.ar_channel_0/cmd_translator_0/incr_cmd_0/axaddr_incr_reg[0]/D
                                                              -0.431        
i_ps/system_i/system_i/axi_protocol_converter_0/inst/gen_axilite.gen_b2s_conv.axilite_b2s/RD.ar_channel_0/cmd_translator_0/wrap_cmd_0/sel_first_reg/C
                               i_ps/system_i/system_i/xadc/inst/AXI_LITE_IPIF_I/I_SLAVE_ATTACHMENT/I_DECODER/GEN_BKEND_CE_REGISTERS[11].ce_out_i_reg[11]/D
                                                              -0.426        
i_ps/system_i/system_i/axi_protocol_converter_0/inst/gen_axilite.gen_b2s_conv.axilite_b2s/RD.ar_channel_0/cmd_translator_0/wrap_cmd_0/sel_first_reg/C
                               i_ps/system_i/system_i/xadc/inst/AXI_LITE_IPIF_I/I_SLAVE_ATTACHMENT/I_DECODER/GEN_BKEND_CE_REGISTERS[8].ce_out_i_reg[8]/D
                                                              -0.421        
i_ps/system_i/system_i/xadc/inst/AXI_LITE_IPIF_I/I_SLAVE_ATTACHMENT/INCLUDE_DPHASE_TIMER.dpto_cnt_reg[6]/C
                               i_ps/system_i/system_i/axi_protocol_converter_0/inst/gen_axilite.gen_b2s_conv.axilite_b2s/RD.ar_channel_0/cmd_translator_0/incr_cmd_0/axaddr_incr_reg[6]/D
                                                              -0.418        
i_ps/system_i/system_i/axi_protocol_converter_0/inst/gen_axilite.gen_b2s_conv.axilite_b2s/WR.aw_channel_0/aw_cmd_fsm_0/state_reg[1]/C
                               i_ps/system_i/system_i/axi_protocol_converter_0/inst/gen_axilite.gen_b2s_conv.axilite_b2s/WR.aw_channel_0/cmd_translator_0/wrap_cmd_0/wrap_cnt_r_reg[3]/D
                                                              -0.405        
i_ps/system_i/system_i/xadc/inst/AXI_LITE_IPIF_I/I_SLAVE_ATTACHMENT/INCLUDE_DPHASE_TIMER.dpto_cnt_reg[6]/C
                               i_ps/system_i/system_i/axi_protocol_converter_0/inst/gen_axilite.gen_b2s_conv.axilite_b2s/RD.ar_channel_0/cmd_translator_0/incr_cmd_0/axaddr_incr_reg[4]/D
                                                              -0.402        
i_ps/system_i/system_i/axi_protocol_converter_0/inst/gen_axilite.gen_b2s_conv.axilite_b2s/RD.ar_channel_0/cmd_translator_0/wrap_cmd_0/sel_first_reg/C
                               i_ps/system_i/system_i/xadc/inst/AXI_LITE_IPIF_I/I_SLAVE_ATTACHMENT/I_DECODER/GEN_BKEND_CE_REGISTERS[21].ce_out_i_reg[21]/D
                                                              -0.392        
i_ps/system_i/system_i/axi_protocol_converter_0/inst/gen_axilite.gen_b2s_conv.axilite_b2s/RD.ar_channel_0/cmd_translator_0/wrap_cmd_0/sel_first_reg/C
                               i_ps/system_i/system_i/xadc/inst/AXI_LITE_IPIF_I/I_SLAVE_ATTACHMENT/I_DECODER/GEN_BKEND_CE_REGISTERS[14].ce_out_i_reg[14]/D
                                                              -0.389        
i_ps/system_i/system_i/axi_protocol_converter_0/inst/gen_axilite.gen_b2s_conv.axilite_b2s/RD.ar_channel_0/cmd_translator_0/wrap_cmd_0/sel_first_reg/C
                               i_ps/system_i/system_i/xadc/inst/AXI_LITE_IPIF_I/I_SLAVE_ATTACHMENT/I_DECODER/GEN_BKEND_CE_REGISTERS[19].ce_out_i_reg[19]/D
                                                              -0.388        
i_ps/system_i/system_i/axi_protocol_converter_0/inst/gen_axilite.gen_b2s_conv.axilite_b2s/RD.ar_channel_0/cmd_translator_0/wrap_cmd_0/sel_first_reg/C
                               i_ps/system_i/system_i/xadc/inst/AXI_LITE_IPIF_I/I_SLAVE_ATTACHMENT/I_DECODER/GEN_BKEND_CE_REGISTERS[9].ce_out_i_reg[9]/D
                                                              -0.382        
i_ps/system_i/system_i/axi_protocol_converter_0/inst/gen_axilite.gen_b2s_conv.axilite_b2s/SI_REG/aw_pipe/m_payload_i_reg[8]/C
                               i_ps/system_i/system_i/xadc/inst/AXI_XADC_CORE_I/XADC_INST/DADDR[6]
                                                              -0.366        
i_ps/system_i/system_i/xadc/inst/AXI_LITE_IPIF_I/I_SLAVE_ATTACHMENT/INCLUDE_DPHASE_TIMER.dpto_cnt_reg[1]/C
                               i_ps/system_i/system_i/axi_protocol_converter_0/inst/gen_axilite.gen_b2s_conv.axilite_b2s/RD.ar_channel_0/s_arid_r_reg[0]/CE
                                                              -0.360        
i_ps/system_i/system_i/xadc/inst/AXI_LITE_IPIF_I/I_SLAVE_ATTACHMENT/INCLUDE_DPHASE_TIMER.dpto_cnt_reg[1]/C
                               i_ps/system_i/system_i/axi_protocol_converter_0/inst/gen_axilite.gen_b2s_conv.axilite_b2s/RD.ar_channel_0/s_arid_r_reg[1]/CE
                                                              -0.360        
i_ps/system_i/system_i/xadc/inst/AXI_LITE_IPIF_I/I_SLAVE_ATTACHMENT/INCLUDE_DPHASE_TIMER.dpto_cnt_reg[1]/C
                               i_ps/system_i/system_i/axi_protocol_converter_0/inst/gen_axilite.gen_b2s_conv.axilite_b2s/RD.ar_channel_0/s_arid_r_reg[2]/CE
                                                              -0.360        
i_ps/system_i/system_i/xadc/inst/AXI_LITE_IPIF_I/I_SLAVE_ATTACHMENT/INCLUDE_DPHASE_TIMER.dpto_cnt_reg[1]/C
                               i_ps/system_i/system_i/axi_protocol_converter_0/inst/gen_axilite.gen_b2s_conv.axilite_b2s/RD.ar_channel_0/s_arid_r_reg[5]/CE
                                                              -0.360        
i_ps/system_i/system_i/xadc/inst/AXI_LITE_IPIF_I/I_SLAVE_ATTACHMENT/INCLUDE_DPHASE_TIMER.dpto_cnt_reg[1]/C
                               i_ps/system_i/system_i/axi_protocol_converter_0/inst/gen_axilite.gen_b2s_conv.axilite_b2s/RD.ar_channel_0/s_arid_r_reg[6]/CE
                                                              -0.360        
i_ps/system_i/system_i/axi_protocol_converter_0/inst/gen_axilite.gen_b2s_conv.axilite_b2s/RD.ar_channel_0/cmd_translator_0/wrap_cmd_0/sel_first_reg/C
                               i_ps/system_i/system_i/xadc/inst/AXI_LITE_IPIF_I/I_SLAVE_ATTACHMENT/I_DECODER/GEN_BKEND_CE_REGISTERS[23].ce_out_i_reg[23]/D
                                                              -0.358        
i_ps/system_i/system_i/axi_protocol_converter_0/inst/gen_axilite.gen_b2s_conv.axilite_b2s/SI_REG/ar_pipe/m_payload_i_reg[9]/C
                               i_ps/system_i/system_i/xadc/inst/AXI_LITE_IPIF_I/I_SLAVE_ATTACHMENT/I_DECODER/GEN_BKEND_CE_REGISTERS[5].ce_out_i_reg[5]/D
                                                              -0.358        
i_ps/system_i/system_i/axi_protocol_converter_0/inst/gen_axilite.gen_b2s_conv.axilite_b2s/SI_REG/ar_pipe/m_payload_i_reg[9]/C
                               i_ps/system_i/system_i/xadc/inst/AXI_LITE_IPIF_I/I_SLAVE_ATTACHMENT/I_DECODER/GEN_BKEND_CE_REGISTERS[6].ce_out_i_reg[6]/D
                                                              -0.353        
i_ps/system_i/system_i/axi_protocol_converter_0/inst/gen_axilite.gen_b2s_conv.axilite_b2s/RD.ar_channel_0/cmd_translator_0/wrap_cmd_0/sel_first_reg/C
                               i_ps/system_i/system_i/xadc/inst/AXI_LITE_IPIF_I/I_SLAVE_ATTACHMENT/I_DECODER/GEN_BKEND_CE_REGISTERS[22].ce_out_i_reg[22]/D
                                                              -0.352        
i_ps/system_i/system_i/axi_protocol_converter_0/inst/gen_axilite.gen_b2s_conv.axilite_b2s/SI_REG/ar_pipe/m_payload_i_reg[9]/C
                               i_ps/system_i/system_i/xadc/inst/AXI_LITE_IPIF_I/I_SLAVE_ATTACHMENT/I_DECODER/GEN_BKEND_CE_REGISTERS[3].ce_out_i_reg[3]/D
                                                              -0.350        
i_ps/system_i/system_i/axi_protocol_converter_0/inst/gen_axilite.gen_b2s_conv.axilite_b2s/SI_REG/ar_pipe/m_payload_i_reg[9]/C
                               i_ps/system_i/system_i/xadc/inst/AXI_LITE_IPIF_I/I_SLAVE_ATTACHMENT/I_DECODER/GEN_BKEND_CE_REGISTERS[4].ce_out_i_reg[4]/D
                                                              -0.345        
i_ps/system_i/system_i/axi_protocol_converter_0/inst/gen_axilite.gen_b2s_conv.axilite_b2s/SI_REG/ar_pipe/m_payload_i_reg[9]/C
                               i_ps/system_i/system_i/xadc/inst/AXI_LITE_IPIF_I/I_SLAVE_ATTACHMENT/I_DECODER/GEN_BKEND_CE_REGISTERS[2].ce_out_i_reg[2]/D
                                                              -0.332        
i_ps/system_i/system_i/axi_protocol_converter_0/inst/gen_axilite.gen_b2s_conv.axilite_b2s/RD.ar_channel_0/cmd_translator_0/wrap_cmd_0/sel_first_reg/C
                               i_ps/system_i/system_i/xadc/inst/AXI_LITE_IPIF_I/I_SLAVE_ATTACHMENT/I_DECODER/GEN_BKEND_CE_REGISTERS[16].ce_out_i_reg[16]/D
                                                              -0.329        
i_ps/system_i/system_i/axi_protocol_converter_0/inst/gen_axilite.gen_b2s_conv.axilite_b2s/SI_REG/ar_pipe/m_payload_i_reg[9]/C
                               i_ps/system_i/system_i/xadc/inst/AXI_LITE_IPIF_I/I_SLAVE_ATTACHMENT/I_DECODER/GEN_BKEND_CE_REGISTERS[1].ce_out_i_reg[1]/D
                                                              -0.328        
pwm[0]/vcnt_r_reg[1]/C         pwm[0]/pwm_o_reg/D             -0.314        
i_ps/system_i/system_i/xadc/inst/AXI_LITE_IPIF_I/I_SLAVE_ATTACHMENT/INCLUDE_DPHASE_TIMER.dpto_cnt_reg[1]/C
                               i_ps/system_i/system_i/axi_protocol_converter_0/inst/gen_axilite.gen_b2s_conv.axilite_b2s/RD.ar_channel_0/s_arid_r_reg[10]/CE
                                                              -0.311        
i_ps/system_i/system_i/xadc/inst/AXI_LITE_IPIF_I/I_SLAVE_ATTACHMENT/INCLUDE_DPHASE_TIMER.dpto_cnt_reg[1]/C
                               i_ps/system_i/system_i/axi_protocol_converter_0/inst/gen_axilite.gen_b2s_conv.axilite_b2s/RD.ar_channel_0/s_arid_r_reg[11]/CE
                                                              -0.311        
i_ps/system_i/system_i/xadc/inst/AXI_LITE_IPIF_I/I_SLAVE_ATTACHMENT/INCLUDE_DPHASE_TIMER.dpto_cnt_reg[1]/C
                               i_ps/system_i/system_i/axi_protocol_converter_0/inst/gen_axilite.gen_b2s_conv.axilite_b2s/RD.ar_channel_0/s_arid_r_reg[7]/CE
                                                              -0.311        
i_ps/system_i/system_i/xadc/inst/AXI_LITE_IPIF_I/I_SLAVE_ATTACHMENT/INCLUDE_DPHASE_TIMER.dpto_cnt_reg[1]/C
                               i_ps/system_i/system_i/axi_protocol_converter_0/inst/gen_axilite.gen_b2s_conv.axilite_b2s/RD.ar_channel_0/s_arid_r_reg[8]/CE
                                                              -0.311        
i_ps/system_i/system_i/xadc/inst/INTR_CTRLR_GEN_I.ip2bus_wrack_reg/C
                               i_ps/system_i/system_i/axi_protocol_converter_0/inst/gen_axilite.gen_b2s_conv.axilite_b2s/WR.aw_channel_0/s_awid_r_reg[10]/CE
                                                              -0.306        
i_ps/system_i/system_i/xadc/inst/INTR_CTRLR_GEN_I.ip2bus_wrack_reg/C
                               i_ps/system_i/system_i/axi_protocol_converter_0/inst/gen_axilite.gen_b2s_conv.axilite_b2s/WR.aw_channel_0/s_awid_r_reg[11]/CE
                                                              -0.306        
i_ps/system_i/system_i/xadc/inst/INTR_CTRLR_GEN_I.ip2bus_wrack_reg/C
                               i_ps/system_i/system_i/axi_protocol_converter_0/inst/gen_axilite.gen_b2s_conv.axilite_b2s/WR.aw_channel_0/s_awid_r_reg[5]/CE
                                                              -0.306        
i_ps/system_i/system_i/xadc/inst/INTR_CTRLR_GEN_I.ip2bus_wrack_reg/C
                               i_ps/system_i/system_i/axi_protocol_converter_0/inst/gen_axilite.gen_b2s_conv.axilite_b2s/WR.aw_channel_0/s_awid_r_reg[6]/CE
                                                              -0.306        
i_ps/system_i/system_i/xadc/inst/INTR_CTRLR_GEN_I.ip2bus_wrack_reg/C
                               i_ps/system_i/system_i/axi_protocol_converter_0/inst/gen_axilite.gen_b2s_conv.axilite_b2s/WR.aw_channel_0/s_awid_r_reg[8]/CE
                                                              -0.306        
i_ps/system_i/system_i/xadc/inst/INTR_CTRLR_GEN_I.ip2bus_wrack_reg/C
                               i_ps/system_i/system_i/axi_protocol_converter_0/inst/gen_axilite.gen_b2s_conv.axilite_b2s/WR.aw_channel_0/s_awlen_r_reg[0]/CE
                                                              -0.306        
i_ps/system_i/system_i/xadc/inst/INTR_CTRLR_GEN_I.ip2bus_wrack_reg/C
                               i_ps/system_i/system_i/axi_protocol_converter_0/inst/gen_axilite.gen_b2s_conv.axilite_b2s/WR.aw_channel_0/s_awlen_r_reg[1]/CE
                                                              -0.306        
i_ps/system_i/system_i/xadc/inst/INTR_CTRLR_GEN_I.ip2bus_wrack_reg/C
                               i_ps/system_i/system_i/axi_protocol_converter_0/inst/gen_axilite.gen_b2s_conv.axilite_b2s/WR.aw_channel_0/s_awlen_r_reg[2]/CE
                                                              -0.306        
pwm[2]/vcnt_r_reg[2]/C         pwm[2]/pwm_o_reg/D             -0.296        
i_ps/system_i/system_i/axi_protocol_converter_0/inst/gen_axilite.gen_b2s_conv.axilite_b2s/RD.ar_channel_0/cmd_translator_0/wrap_cmd_0/sel_first_reg/C
                               i_ps/system_i/system_i/xadc/inst/AXI_LITE_IPIF_I/I_SLAVE_ATTACHMENT/I_DECODER/GEN_BKEND_CE_REGISTERS[17].ce_out_i_reg[17]/D
                                                              -0.295        
i_ps/system_i/system_i/xadc/inst/AXI_LITE_IPIF_I/I_SLAVE_ATTACHMENT/INCLUDE_DPHASE_TIMER.dpto_cnt_reg[1]/C
                               i_ps/system_i/system_i/axi_protocol_converter_0/inst/gen_axilite.gen_b2s_conv.axilite_b2s/RD.ar_channel_0/cmd_translator_0/wrap_cmd_0/wrap_cnt_r_reg[0]/CE
                                                              -0.293        
i_ps/system_i/system_i/xadc/inst/AXI_LITE_IPIF_I/I_SLAVE_ATTACHMENT/INCLUDE_DPHASE_TIMER.dpto_cnt_reg[1]/C
                               i_ps/system_i/system_i/axi_protocol_converter_0/inst/gen_axilite.gen_b2s_conv.axilite_b2s/RD.ar_channel_0/cmd_translator_0/wrap_cmd_0/wrap_cnt_r_reg[1]/CE
                                                              -0.293        
i_ps/system_i/system_i/xadc/inst/AXI_LITE_IPIF_I/I_SLAVE_ATTACHMENT/INCLUDE_DPHASE_TIMER.dpto_cnt_reg[1]/C
                               i_ps/system_i/system_i/axi_protocol_converter_0/inst/gen_axilite.gen_b2s_conv.axilite_b2s/RD.ar_channel_0/cmd_translator_0/wrap_cmd_0/wrap_cnt_r_reg[2]/CE
                                                              -0.293        
i_ps/system_i/system_i/xadc/inst/AXI_LITE_IPIF_I/I_SLAVE_ATTACHMENT/INCLUDE_DPHASE_TIMER.dpto_cnt_reg[1]/C
                               i_ps/system_i/system_i/axi_protocol_converter_0/inst/gen_axilite.gen_b2s_conv.axilite_b2s/RD.ar_channel_0/cmd_translator_0/wrap_cmd_0/wrap_cnt_r_reg[3]/CE
                                                              -0.293        
i_ps/system_i/system_i/axi_protocol_converter_0/inst/gen_axilite.gen_b2s_conv.axilite_b2s/RD.ar_channel_0/ar_cmd_fsm_0/state_reg[0]/C
                               i_ps/system_i/system_i/axi_protocol_converter_0/inst/gen_axilite.gen_b2s_conv.axilite_b2s/RD.ar_channel_0/cmd_translator_0/wrap_cmd_0/wrap_cnt_r_reg[1]/D
                                                              -0.291        
i_ps/system_i/system_i/axi_protocol_converter_0/inst/gen_axilite.gen_b2s_conv.axilite_b2s/RD.r_channel_0/rd_data_fifo_0/cnt_read_reg[0]_rep__2/C
                               i_ps/system_i/system_i/axi_protocol_converter_0/inst/gen_axilite.gen_b2s_conv.axilite_b2s/RD.r_channel_0/rd_data_fifo_0/cnt_read_reg[4]_rep/D
                                                              -0.288        
pwm[3]/v_r_reg[2]/C            pwm[3]/pwm_o_reg/D             -0.287        
i_ps/system_i/system_i/axi_protocol_converter_0/inst/gen_axilite.gen_b2s_conv.axilite_b2s/RD.ar_channel_0/cmd_translator_0/wrap_cmd_0/sel_first_reg/C
                               i_ps/system_i/system_i/xadc/inst/AXI_LITE_IPIF_I/I_SLAVE_ATTACHMENT/I_DECODER/GEN_BKEND_CE_REGISTERS[10].ce_out_i_reg[10]/D
                                                              -0.285        
i_ps/system_i/system_i/processing_system7/inst/PS7_i/MAXIGP1ACLK
                               i_ps/system_i/system_i/xadc/inst/INTR_CTRLR_GEN_I.INTERRUPT_CONTROL_I/ip_irpt_enable_reg_reg[4]/CE
                                                              -0.278        
i_ps/system_i/system_i/processing_system7/inst/PS7_i/MAXIGP1ACLK
                               i_ps/system_i/system_i/xadc/inst/INTR_CTRLR_GEN_I.INTERRUPT_CONTROL_I/ip_irpt_enable_reg_reg[6]/CE
                                                              -0.278        
i_ps/system_i/system_i/xadc/inst/INTR_CTRLR_GEN_I.ip2bus_wrack_reg/C
                               i_ps/system_i/system_i/axi_protocol_converter_0/inst/gen_axilite.gen_b2s_conv.axilite_b2s/WR.aw_channel_0/cmd_translator_0/incr_cmd_0/axaddr_incr_reg[3]/D
                                                              -0.263        
i_ps/system_i/system_i/processing_system7/inst/PS7_i/MAXIGP1ACLK
                               i_ps/system_i/system_i/xadc/inst/INTR_CTRLR_GEN_I.INTERRUPT_CONTROL_I/GEN_IP_IRPT_STATUS_REG[13].GEN_REG_STATUS.ip_irpt_status_reg_reg[13]/D
                                                              -0.244        
i_ps/system_i/system_i/xadc/inst/AXI_LITE_IPIF_I/I_SLAVE_ATTACHMENT/INCLUDE_DPHASE_TIMER.dpto_cnt_reg[1]/C
                               i_ps/system_i/system_i/axi_protocol_converter_0/inst/gen_axilite.gen_b2s_conv.axilite_b2s/RD.ar_channel_0/cmd_translator_0/s_axburst_eq0_reg/CE
                                                              -0.242        
i_ps/system_i/system_i/xadc/inst/AXI_LITE_IPIF_I/I_SLAVE_ATTACHMENT/INCLUDE_DPHASE_TIMER.dpto_cnt_reg[1]/C
                               i_ps/system_i/system_i/axi_protocol_converter_0/inst/gen_axilite.gen_b2s_conv.axilite_b2s/RD.ar_channel_0/cmd_translator_0/s_axburst_eq1_reg/CE
                                                              -0.242        
i_ps/system_i/system_i/xadc/inst/AXI_LITE_IPIF_I/I_SLAVE_ATTACHMENT/INCLUDE_DPHASE_TIMER.dpto_cnt_reg[1]/C
                               i_ps/system_i/system_i/axi_protocol_converter_0/inst/gen_axilite.gen_b2s_conv.axilite_b2s/RD.ar_channel_0/s_arid_r_reg[3]/CE
                                                              -0.242        
i_ps/system_i/system_i/xadc/inst/AXI_LITE_IPIF_I/I_SLAVE_ATTACHMENT/INCLUDE_DPHASE_TIMER.dpto_cnt_reg[1]/C
                               i_ps/system_i/system_i/axi_protocol_converter_0/inst/gen_axilite.gen_b2s_conv.axilite_b2s/RD.ar_channel_0/s_arid_r_reg[4]/CE
                                                              -0.242        
i_ps/system_i/system_i/processing_system7/inst/PS7_i/MAXIGP1ACLK
                               i_ps/system_i/system_i/xadc/inst/INTR_CTRLR_GEN_I.INTERRUPT_CONTROL_I/GEN_IP_IRPT_STATUS_REG[2].GEN_REG_STATUS.ip_irpt_status_reg_reg[2]/D
                                                              -0.237        
i_ps/system_i/system_i/axi_protocol_converter_0/inst/gen_axilite.gen_b2s_conv.axilite_b2s/RD.ar_channel_0/cmd_translator_0/wrap_cmd_0/sel_first_reg/C
                               i_ps/system_i/system_i/xadc/inst/AXI_LITE_IPIF_I/I_SLAVE_ATTACHMENT/I_DECODER/GEN_BKEND_CE_REGISTERS[15].ce_out_i_reg[15]/D
                                                              -0.216        
i_ps/system_i/system_i/processing_system7/inst/PS7_i/MAXIGP1ACLK
                               i_ps/system_i/system_i/xadc/inst/INTR_CTRLR_GEN_I.INTERRUPT_CONTROL_I/GEN_IP_IRPT_STATUS_REG[3].GEN_REG_STATUS.ip_irpt_status_reg_reg[3]/D
                                                              -0.202        
i_ps/system_i/system_i/axi_protocol_converter_0/inst/gen_axilite.gen_b2s_conv.axilite_b2s/RD.ar_channel_0/cmd_translator_0/wrap_cmd_0/sel_first_reg/C
                               i_ps/system_i/system_i/xadc/inst/AXI_LITE_IPIF_I/I_SLAVE_ATTACHMENT/I_DECODER/GEN_BKEND_CE_REGISTERS[13].ce_out_i_reg[13]/D
                                                              -0.194        
i_ps/system_i/system_i/axi_protocol_converter_0/inst/gen_axilite.gen_b2s_conv.axilite_b2s/WR.b_channel_0/bid_fifo_0/cnt_read_reg[1]_rep/C
                               i_ps/system_i/system_i/axi_protocol_converter_0/inst/gen_axilite.gen_b2s_conv.axilite_b2s/WR.b_channel_0/bresp_fifo_0/memory_reg[3][0]_srl4/CE
                                                              -0.185        
i_ps/system_i/system_i/axi_protocol_converter_0/inst/gen_axilite.gen_b2s_conv.axilite_b2s/WR.b_channel_0/bid_fifo_0/cnt_read_reg[1]_rep/C
                               i_ps/system_i/system_i/axi_protocol_converter_0/inst/gen_axilite.gen_b2s_conv.axilite_b2s/WR.b_channel_0/bresp_fifo_0/memory_reg[3][1]_srl4/CE
                                                              -0.185        
i_ps/system_i/system_i/axi_protocol_converter_0/inst/gen_axilite.gen_b2s_conv.axilite_b2s/WR.b_channel_0/bid_fifo_0/cnt_read_reg[1]_rep/C
                               i_ps/system_i/system_i/axi_protocol_converter_0/inst/gen_axilite.gen_b2s_conv.axilite_b2s/WR.b_channel_0/bresp_cnt_reg[3]/R
                                                              -0.182        
i_ps/system_i/system_i/axi_protocol_converter_0/inst/gen_axilite.gen_b2s_conv.axilite_b2s/WR.b_channel_0/bid_fifo_0/cnt_read_reg[1]_rep/C
                               i_ps/system_i/system_i/axi_protocol_converter_0/inst/gen_axilite.gen_b2s_conv.axilite_b2s/WR.b_channel_0/bresp_cnt_reg[4]/R
                                                              -0.182        
i_ps/system_i/system_i/xadc/inst/AXI_LITE_IPIF_I/I_SLAVE_ATTACHMENT/INCLUDE_DPHASE_TIMER.dpto_cnt_reg[1]/C
                               i_ps/system_i/system_i/axi_protocol_converter_0/inst/gen_axilite.gen_b2s_conv.axilite_b2s/RD.ar_channel_0/s_arid_r_reg[9]/CE
                                                              -0.168        
i_ps/system_i/system_i/axi_protocol_converter_0/inst/gen_axilite.gen_b2s_conv.axilite_b2s/WR.b_channel_0/bid_fifo_0/cnt_read_reg[1]_rep/C
                               i_ps/system_i/system_i/axi_protocol_converter_0/inst/gen_axilite.gen_b2s_conv.axilite_b2s/WR.b_channel_0/bresp_cnt_reg[0]/R
                                                              -0.163        
i_ps/system_i/system_i/axi_protocol_converter_0/inst/gen_axilite.gen_b2s_conv.axilite_b2s/WR.b_channel_0/bid_fifo_0/cnt_read_reg[1]_rep/C
                               i_ps/system_i/system_i/axi_protocol_converter_0/inst/gen_axilite.gen_b2s_conv.axilite_b2s/WR.b_channel_0/bresp_cnt_reg[1]/R
                                                              -0.163        
i_ps/system_i/system_i/axi_protocol_converter_0/inst/gen_axilite.gen_b2s_conv.axilite_b2s/WR.b_channel_0/bid_fifo_0/cnt_read_reg[1]_rep/C
                               i_ps/system_i/system_i/axi_protocol_converter_0/inst/gen_axilite.gen_b2s_conv.axilite_b2s/WR.b_channel_0/bresp_cnt_reg[2]/R
                                                              -0.163        
i_ps/system_i/system_i/axi_protocol_converter_0/inst/gen_axilite.gen_b2s_conv.axilite_b2s/WR.b_channel_0/bid_fifo_0/cnt_read_reg[1]_rep/C
                               i_ps/system_i/system_i/axi_protocol_converter_0/inst/gen_axilite.gen_b2s_conv.axilite_b2s/WR.b_channel_0/bresp_cnt_reg[6]/R
                                                              -0.163        
i_ps/system_i/system_i/axi_protocol_converter_0/inst/gen_axilite.gen_b2s_conv.axilite_b2s/WR.b_channel_0/bid_fifo_0/cnt_read_reg[1]_rep/C
                               i_ps/system_i/system_i/axi_protocol_converter_0/inst/gen_axilite.gen_b2s_conv.axilite_b2s/WR.b_channel_0/bresp_cnt_reg[7]/R
                                                              -0.163        
i_ps/system_i/system_i/xadc/inst/INTR_CTRLR_GEN_I.ip2bus_wrack_reg/C
                               i_ps/system_i/system_i/axi_protocol_converter_0/inst/gen_axilite.gen_b2s_conv.axilite_b2s/WR.aw_channel_0/cmd_translator_0/incr_cmd_0/axaddr_incr_reg[2]/D
                                                              -0.155        
pwm[1]/v_r_reg[2]/C            pwm[1]/pwm_o_reg/D             0.042         
i_ams/dac_d_o_reg[15]/C        pwm[3]/b_reg[15]/D             0.320         
i_ams/dac_a_o_reg[14]/C        pwm[0]/b_reg[14]/D             0.361         
pwm_rstn_reg/C                 pwm[2]/pwm_o_reg/R             0.380         
pwm_rstn_reg/C                 pwm[0]/pwm_o_reg/R             0.524         
pwm[2]/bcnt_reg[3]/C           pwm[2]/v_reg[3]/CE             0.567         
pwm[2]/bcnt_reg[3]/C           pwm[2]/v_reg[4]/CE             0.567         
pwm[2]/bcnt_reg[3]/C           pwm[2]/v_reg[6]/CE             0.567         
pwm[2]/bcnt_reg[3]/C           pwm[2]/v_reg[7]/CE             0.567         
i_ams/dac_d_o_reg[12]/C        pwm[3]/b_reg[12]/D             0.571         
dac_rst_reg/C                  oddr_dac_dat[12]/R             0.578         
i_ams/dac_b_o_reg[9]/C         pwm[1]/b_reg[9]/D              0.587         
pwm_rstn_reg/C                 pwm[3]/pwm_o_reg/R             0.604         
dac_rst_reg/C                  oddr_dac_dat[13]/R             0.614         
i_ams/dac_a_o_reg[5]/C         pwm[0]/b_reg[5]/D              0.615         
pwm[2]/bcnt_reg[3]/C           pwm[2]/v_reg[0]/CE             0.618         
pwm[2]/bcnt_reg[3]/C           pwm[2]/v_reg[1]/CE             0.618         
pwm[2]/bcnt_reg[3]/C           pwm[2]/v_reg[2]/CE             0.618         
pwm[2]/bcnt_reg[3]/C           pwm[2]/v_reg[5]/CE             0.618         
pwm_rstn_reg/C                 pwm[0]/b_reg[10]/CE            0.619         
pwm_rstn_reg/C                 pwm[0]/b_reg[11]/CE            0.619         
pwm_rstn_reg/C                 pwm[0]/b_reg[12]/CE            0.619         
pwm[2]/vcnt_reg[2]/C           pwm[2]/b_reg[8]/CE             0.622         
pwm[2]/vcnt_reg[2]/C           pwm[2]/b_reg[9]/CE             0.622         
pwm[2]/vcnt_reg[2]/C           pwm[2]/b_reg[10]/CE            0.623         
pwm[2]/vcnt_reg[2]/C           pwm[2]/b_reg[11]/CE            0.623         
pwm[2]/vcnt_reg[2]/C           pwm[2]/b_reg[12]/CE            0.623         
pwm[2]/vcnt_reg[2]/C           pwm[2]/b_reg[3]/CE             0.623         
dac_rst_reg/C                  oddr_dac_dat[0]/R              0.624         
pwm[0]/bcnt_reg[3]/C           pwm[0]/v_reg[1]/CE             0.635         
pwm[0]/bcnt_reg[3]/C           pwm[0]/v_reg[2]/CE             0.635         
pwm[0]/bcnt_reg[3]/C           pwm[0]/v_reg[3]/CE             0.635         
pwm[0]/bcnt_reg[3]/C           pwm[0]/v_reg[4]/CE             0.635         
pwm[0]/bcnt_reg[3]/C           pwm[0]/v_reg[5]/CE             0.635         
pwm[0]/bcnt_reg[3]/C           pwm[0]/v_reg[6]/CE             0.635         
pwm[0]/bcnt_reg[3]/C           pwm[0]/v_reg[7]/CE             0.635         
pwm[0]/bcnt_reg[3]/C           pwm[0]/v_reg[0]/CE             0.636         
pwm[1]/bcnt_reg[3]/C           pwm[1]/v_reg[0]/CE             0.645         
pwm[1]/bcnt_reg[3]/C           pwm[1]/v_reg[3]/CE             0.645         
pwm[1]/bcnt_reg[3]/C           pwm[1]/v_reg[6]/CE             0.645         
pwm[2]/vcnt_reg[2]/C           pwm[2]/bcnt_reg[0]/CE          0.645         
pwm[2]/vcnt_reg[2]/C           pwm[2]/bcnt_reg[1]/CE          0.645         
pwm[2]/vcnt_reg[2]/C           pwm[2]/bcnt_reg[2]/CE          0.645         
pwm[2]/vcnt_reg[2]/C           pwm[2]/bcnt_reg[3]/CE          0.645         
pwm_rstn_reg/C                 pwm[0]/b_reg[2]/CE             0.649         
pwm_rstn_reg/C                 pwm[0]/b_reg[3]/CE             0.649         
pwm_rstn_reg/C                 pwm[0]/b_reg[4]/CE             0.649         
pwm_rstn_reg/C                 pwm[0]/b_reg[5]/CE             0.649         
pwm_rstn_reg/C                 pwm[0]/b_reg[6]/CE             0.649         
pwm_rstn_reg/C                 pwm[0]/b_reg[7]/CE             0.649         
pwm_rstn_reg/C                 pwm[0]/b_reg[8]/CE             0.649         
pwm_rstn_reg/C                 pwm[0]/b_reg[9]/CE             0.649         
pwm[1]/vcnt_reg[2]/C           pwm[1]/b_reg[10]/CE            0.650         
pwm[1]/vcnt_reg[2]/C           pwm[1]/b_reg[11]/CE            0.650         
pwm[1]/vcnt_reg[2]/C           pwm[1]/b_reg[12]/CE            0.650         
pwm[1]/vcnt_reg[2]/C           pwm[1]/b_reg[13]/CE            0.650         
pwm[2]/vcnt_reg[2]/C           pwm[2]/b_reg[4]/CE             0.650         
pwm[2]/vcnt_reg[2]/C           pwm[2]/b_reg[5]/CE             0.650         
pwm[2]/vcnt_reg[2]/C           pwm[2]/b_reg[6]/CE             0.650         
pwm[2]/vcnt_reg[2]/C           pwm[2]/b_reg[7]/CE             0.650         
pwm[1]/vcnt_reg[2]/C           pwm[1]/b_reg[1]/CE             0.669         
pwm[1]/vcnt_reg[2]/C           pwm[1]/b_reg[2]/CE             0.669         
pwm[1]/vcnt_reg[2]/C           pwm[1]/b_reg[3]/CE             0.669         
pwm[1]/vcnt_reg[2]/C           pwm[1]/b_reg[4]/CE             0.669         
pwm[1]/bcnt_reg[3]/C           pwm[1]/v_reg[1]/CE             0.672         
pwm[1]/bcnt_reg[3]/C           pwm[1]/v_reg[2]/CE             0.672         
pwm[1]/bcnt_reg[3]/C           pwm[1]/v_reg[4]/CE             0.672         
pwm[1]/bcnt_reg[3]/C           pwm[1]/v_reg[5]/CE             0.672         
pwm[1]/bcnt_reg[3]/C           pwm[1]/v_reg[7]/CE             0.672         
dac_rst_reg/C                  oddr_dac_dat[3]/R              0.678         
pwm[1]/vcnt_reg[2]/C           pwm[1]/bcnt_reg[0]/CE          0.682         
pwm[1]/vcnt_reg[2]/C           pwm[1]/bcnt_reg[1]/CE          0.682         
pwm[1]/vcnt_reg[2]/C           pwm[1]/bcnt_reg[2]/CE          0.682         
pwm[1]/vcnt_reg[2]/C           pwm[1]/bcnt_reg[3]/CE          0.682         
pwm[1]/vcnt_reg[2]/C           pwm[1]/b_reg[14]/CE            0.683         
pwm[1]/vcnt_reg[2]/C           pwm[1]/b_reg[7]/CE             0.683         
pwm[1]/vcnt_reg[2]/C           pwm[1]/b_reg[8]/CE             0.683         
pwm[1]/vcnt_reg[2]/C           pwm[1]/b_reg[9]/CE             0.683         
dac_rst_reg/C                  oddr_dac_dat[2]/R              0.683         
pwm[1]/vcnt_reg[2]/C           pwm[1]/b_reg[0]/CE             0.695         
pwm[1]/vcnt_reg[2]/C           pwm[1]/b_reg[5]/CE             0.695         
pwm[1]/vcnt_reg[2]/C           pwm[1]/b_reg[6]/CE             0.695         
pwm[2]/vcnt_reg[2]/C           pwm[2]/b_reg[14]/CE            0.712         
pwm[2]/vcnt_reg[2]/C           pwm[2]/b_reg[15]/CE            0.712         
dac_rst_reg/C                  oddr_dac_dat[7]/R              0.716         
pwm[3]/bcnt_reg[3]/C           pwm[3]/v_reg[0]/CE             0.736         
pwm[3]/bcnt_reg[3]/C           pwm[3]/v_reg[1]/CE             0.736         
pwm[3]/bcnt_reg[3]/C           pwm[3]/v_reg[2]/CE             0.736         
pwm[3]/bcnt_reg[3]/C           pwm[3]/v_reg[3]/CE             0.736         
pwm[3]/bcnt_reg[3]/C           pwm[3]/v_reg[4]/CE             0.736         
pwm_rstn_reg/C                 pwm[0]/vcnt_reg[1]/R           0.743         
pwm_rstn_reg/C                 pwm[0]/vcnt_reg[2]/R           0.743         
pwm[2]/vcnt_reg[2]/C           pwm[2]/b_reg[0]/CE             0.752         
pwm[2]/vcnt_reg[2]/C           pwm[2]/b_reg[13]/CE            0.752         
pwm[2]/vcnt_reg[2]/C           pwm[2]/b_reg[1]/CE             0.752         
pwm[2]/vcnt_reg[2]/C           pwm[2]/b_reg[2]/CE             0.752         
i_ams/dac_c_o_reg[6]/C         pwm[2]/b_reg[6]/D              0.759         
dac_rst_reg/C                  oddr_dac_dat[1]/R              0.762         
i_ams/dac_c_o_reg[15]/C        pwm[2]/b_reg[15]/D             0.772         
dac_rst_reg/C                  oddr_dac_dat[4]/R              0.813         
i_ams/dac_c_o_reg[0]/C         pwm[2]/b_reg[0]/D              0.814         
pwm_rstn_reg/C                 pwm[0]/b_reg[0]/CE             0.828         
pwm_rstn_reg/C                 pwm[0]/b_reg[13]/CE            0.828         
pwm_rstn_reg/C                 pwm[0]/b_reg[14]/CE            0.828         
dac_rst_reg/C                  oddr_dac_dat[10]/R             0.831         
pwm[0]/vcnt_reg[2]/C           pwm[0]/bcnt_reg[0]/CE          0.845         
dac_rst_reg/C                  oddr_dac_dat[8]/R              0.872         
dac_rst_reg/C                  oddr_dac_dat[6]/R              0.880         
dac_rst_reg/C                  oddr_dac_dat[5]/R              0.962         
dac_rst_reg/C                  oddr_dac_dat[11]/R             0.969         
dac_rst_reg/C                  oddr_dac_sel/R                 1.112         
dac_rst_reg/C                  oddr_dac_dat[9]/R              1.183         
dac_dat_a_reg[12]/C            oddr_dac_dat[12]/D2            1.414         
dac_dat_a_reg[13]/C            oddr_dac_dat[13]/D2            1.474         
dac_dat_a_reg[3]/C             oddr_dac_dat[3]/D2             1.547         
dac_dat_a_reg[4]/C             oddr_dac_dat[4]/D2             1.627         
dac_dat_a_reg[0]/C             oddr_dac_dat[0]/D2             1.637         
dac_dat_a_reg[1]/C             oddr_dac_dat[1]/D2             1.647         
dac_dat_a_reg[6]/C             oddr_dac_dat[6]/D2             1.655         
dac_dat_a_reg[5]/C             oddr_dac_dat[5]/D2             1.700         
dac_dat_a_reg[7]/C             oddr_dac_dat[7]/D2             1.783         
dac_dat_a_reg[8]/C             oddr_dac_dat[8]/D2             1.787         
dac_dat_a_reg[9]/C             oddr_dac_dat[9]/D2             1.788         
dac_dat_a_reg[11]/C            oddr_dac_dat[11]/D2            1.790         
dac_dat_a_reg[10]/C            oddr_dac_dat[10]/D2            1.841         
dac_dat_a_reg[2]/C             oddr_dac_dat[2]/D2             1.869         
dac_rst_reg/C                  oddr_dac_rst/D2                1.977         
i_dsp/sum1_reg[14]/C           dac_dat_a_reg[3]/D             2.488         
i_dsp/sum2_reg[17]/C           dac_dat_b_reg[13]/D            2.732         
i_dsp/sum2_reg[14]/C           dac_dat_b_reg[9]/D             2.905         
i_dsp/sum2_reg[16]/C           dac_dat_b_reg[11]/D            2.964         
i_dsp/sum1_reg[13]/C           dac_dat_a_reg[1]/D             3.049         
i_dsp/sum1_reg[10]/C           dac_dat_a_reg[10]/D            3.077         
i_dsp/sum1_reg[13]/C           dac_dat_a_reg[2]/D             3.204         
i_dsp/sum2_reg[13]/C           dac_dat_b_reg[3]/D             3.311         
i_dsp/sum2_reg[14]/C           dac_dat_b_reg[0]/D             3.411         
i_dsp/sum1_reg[14]/C           dac_dat_a_reg[4]/D             3.417         
i_dsp/sum1_reg[13]/C           dac_dat_a_reg[5]/D             3.469         
i_dsp/sum1_reg[14]/C           dac_dat_a_reg[12]/D            3.489         
i_dsp/sum1_reg[6]/C            dac_dat_a_reg[6]/D             3.499         
i_dsp/sum1_reg[15]/C           dac_dat_a_reg[0]/D             3.520         
i_dsp/sum1_reg[11]/C           dac_dat_a_reg[11]/D            3.540         
i_dsp/sum2_reg[14]/C           dac_dat_b_reg[7]/D             3.680         
i_dsp/sum1_reg[8]/C            dac_dat_a_reg[8]/D             3.688         
i_dsp/sum2_reg[13]/C           dac_dat_b_reg[2]/D             3.698         
i_dsp/sum1_reg[15]/C           dac_dat_a_reg[7]/D             3.809         
i_dsp/sum2_reg[15]/C           dac_dat_b_reg[10]/D            3.817         
i_dsp/sum1_reg[15]/C           dac_dat_a_reg[9]/D             3.837         
i_dsp/sum2_reg[14]/C           dac_dat_b_reg[5]/D             3.846         
i_dsp/sum2_reg[13]/C           dac_dat_b_reg[4]/D             3.883         
i_dsp/sum2_reg[16]/C           dac_dat_b_reg[1]/D             4.008         
i_dsp/sum2_reg[15]/C           dac_dat_b_reg[12]/D            4.115         
i_dsp/sum2_reg[15]/C           dac_dat_b_reg[6]/D             4.162         
i_dsp/sum1_reg[17]/C           dac_dat_a_reg[13]/D            4.215         
i_dsp/sum2_reg[15]/C           dac_dat_b_reg[8]/D             4.272         
dac_dat_b_reg[13]/C            oddr_dac_dat[13]/D1            5.481         
dac_dat_b_reg[5]/C             oddr_dac_dat[5]/D1             5.514         
dac_dat_b_reg[2]/C             oddr_dac_dat[2]/D1             5.560         
dac_dat_b_reg[0]/C             oddr_dac_dat[0]/D1             5.580         
dac_dat_b_reg[12]/C            oddr_dac_dat[12]/D1            5.614         
dac_dat_b_reg[6]/C             oddr_dac_dat[6]/D1             5.626         
dac_dat_b_reg[1]/C             oddr_dac_dat[1]/D1             5.643         
dac_dat_b_reg[7]/C             oddr_dac_dat[7]/D1             5.650         
dac_dat_b_reg[4]/C             oddr_dac_dat[4]/D1             5.696         
dac_dat_b_reg[3]/C             oddr_dac_dat[3]/D1             5.775         
dac_dat_b_reg[10]/C            oddr_dac_dat[10]/D1            5.779         
dac_dat_b_reg[8]/C             oddr_dac_dat[8]/D1             5.855         
dac_dat_b_reg[9]/C             oddr_dac_dat[9]/D1             5.856         
dac_rst_reg/C                  oddr_dac_rst/D1                5.977         
dac_dat_b_reg[11]/C            oddr_dac_dat[11]/D1            5.980         



